<?xml version="1.0" encoding="UTF-8"?>
<testng-results skipped="0" failed="2" ignored="0" total="4" passed="2">
  <reporter-output>
  </reporter-output>
  <suite name="Default suite" duration-ms="21791" started-at="2017-06-23T17:11:02Z" finished-at="2017-06-23T17:11:24Z">
    <groups>
    </groups>
    <test name="Default test" duration-ms="21791" started-at="2017-06-23T17:11:02Z" finished-at="2017-06-23T17:11:24Z">
      <class name="pl.pracawregionie.tests.Test1RegisterUser">
        <test-method status="PASS" signature="beforeTest()[pri:0, instance:pl.pracawregionie.tests.Test1RegisterUser@5ce81285]" name="beforeTest" is-config="true" duration-ms="5548" started-at="2017-06-23T19:11:02Z" finished-at="2017-06-23T19:11:08Z">
          <reporter-output>
          </reporter-output>
        </test-method> <!-- beforeTest -->
        <test-method status="FAIL" signature="openMainPage()[pri:1, instance:pl.pracawregionie.tests.Test1RegisterUser@5ce81285]" name="openMainPage" duration-ms="32" started-at="2017-06-23T19:11:08Z" finished-at="2017-06-23T19:11:08Z">
          <exception class="java.lang.AssertionError">
            <message>
              <![CDATA[expected [http://dev:dev@stage.pracawregionie.pls/] but found [http://dev:dev@stage.pracawregionie.pl/]]]>
            </message>
            <full-stacktrace>
              <![CDATA[java.lang.AssertionError: expected [http://dev:dev@stage.pracawregionie.pls/] but found [http://dev:dev@stage.pracawregionie.pl/]
	at org.testng.Assert.fail(Assert.java:93)
	at org.testng.Assert.failNotEquals(Assert.java:512)
	at org.testng.Assert.assertEqualsImpl(Assert.java:134)
	at org.testng.Assert.assertEquals(Assert.java:115)
	at org.testng.Assert.assertEquals(Assert.java:189)
	at org.testng.Assert.assertEquals(Assert.java:199)
	at pl.pracawregionie.tests.Test1RegisterUser.openMainPage(Test1RegisterUser.java:29)
	at sun.reflect.NativeMethodAccessorImpl.invoke0(Native Method)
	at sun.reflect.NativeMethodAccessorImpl.invoke(NativeMethodAccessorImpl.java:62)
	at sun.reflect.DelegatingMethodAccessorImpl.invoke(DelegatingMethodAccessorImpl.java:43)
	at java.lang.reflect.Method.invoke(Method.java:498)
	at org.testng.internal.MethodInvocationHelper.invokeMethod(MethodInvocationHelper.java:108)
	at org.testng.internal.Invoker.invokeMethod(Invoker.java:661)
	at org.testng.internal.Invoker.invokeTestMethod(Invoker.java:869)
	at org.testng.internal.Invoker.invokeTestMethods(Invoker.java:1193)
	at org.testng.internal.TestMethodWorker.invokeTestMethods(TestMethodWorker.java:126)
	at org.testng.internal.TestMethodWorker.run(TestMethodWorker.java:109)
	at org.testng.TestRunner.privateRun(TestRunner.java:744)
	at org.testng.TestRunner.run(TestRunner.java:602)
	at org.testng.SuiteRunner.runTest(SuiteRunner.java:380)
	at org.testng.SuiteRunner.runSequentially(SuiteRunner.java:375)
	at org.testng.SuiteRunner.privateRun(SuiteRunner.java:340)
	at org.testng.SuiteRunner.run(SuiteRunner.java:289)
	at org.testng.SuiteRunnerWorker.runSuite(SuiteRunnerWorker.java:52)
	at org.testng.SuiteRunnerWorker.run(SuiteRunnerWorker.java:86)
	at org.testng.TestNG.runSuitesSequentially(TestNG.java:1301)
	at org.testng.TestNG.runSuitesLocally(TestNG.java:1226)
	at org.testng.TestNG.runSuites(TestNG.java:1144)
	at org.testng.TestNG.run(TestNG.java:1115)
	at org.testng.remote.AbstractRemoteTestNG.run(AbstractRemoteTestNG.java:132)
	at org.testng.remote.RemoteTestNG.initAndRun(RemoteTestNG.java:230)
	at org.testng.remote.RemoteTestNG.main(RemoteTestNG.java:76)
]]>
            </full-stacktrace>
          </exception> <!-- java.lang.AssertionError -->
          <reporter-output>
          </reporter-output>
        </test-method> <!-- openMainPage -->
        <test-method status="PASS" signature="afterMethod(org.testng.ITestResult)[pri:0, instance:pl.pracawregionie.tests.Test1RegisterUser@5ce81285]" name="afterMethod" is-config="true" duration-ms="1" started-at="2017-06-23T19:11:08Z" finished-at="2017-06-23T19:11:08Z">
          <params>
            <param index="0">
              <value>
                <![CDATA[[TestResult name=openMainPage status=FAILURE method=Test1RegisterUser.openMainPage()[pri:1, instance:pl.pracawregionie.tests.Test1RegisterUser@5ce81285] output={null}]]]>
              </value>
            </param>
          </params>
          <reporter-output>
          </reporter-output>
        </test-method> <!-- afterMethod -->
        <test-method status="PASS" signature="navigationToRegisterNewUserPage()[pri:2, instance:pl.pracawregionie.tests.Test1RegisterUser@5ce81285]" name="navigationToRegisterNewUserPage" duration-ms="1341" started-at="2017-06-23T19:11:08Z" finished-at="2017-06-23T19:11:09Z">
          <reporter-output>
          </reporter-output>
        </test-method> <!-- navigationToRegisterNewUserPage -->
        <test-method status="PASS" signature="afterMethod(org.testng.ITestResult)[pri:0, instance:pl.pracawregionie.tests.Test1RegisterUser@5ce81285]" name="afterMethod" is-config="true" duration-ms="0" started-at="2017-06-23T19:11:09Z" finished-at="2017-06-23T19:11:09Z">
          <params>
            <param index="0">
              <value>
                <![CDATA[[TestResult name=navigationToRegisterNewUserPage status=SUCCESS method=Test1RegisterUser.navigationToRegisterNewUserPage()[pri:2, instance:pl.pracawregionie.tests.Test1RegisterUser@5ce81285] output={null}]]]>
              </value>
            </param>
          </params>
          <reporter-output>
          </reporter-output>
        </test-method> <!-- afterMethod -->
        <test-method status="FAIL" signature="registerNewUser()[pri:3, instance:pl.pracawregionie.tests.Test1RegisterUser@5ce81285]" name="registerNewUser" duration-ms="2934" started-at="2017-06-23T19:11:09Z" finished-at="2017-06-23T19:11:12Z">
          <exception class="java.lang.AssertionError">
            <message>
              <![CDATA[expected [true] but found [false]]]>
            </message>
            <full-stacktrace>
              <![CDATA[java.lang.AssertionError: expected [true] but found [false]
	at org.testng.Assert.fail(Assert.java:93)
	at org.testng.Assert.failNotEquals(Assert.java:512)
	at org.testng.Assert.assertTrue(Assert.java:41)
	at org.testng.Assert.assertTrue(Assert.java:51)
	at pl.pracawregionie.tests.Test1RegisterUser.registerNewUser(Test1RegisterUser.java:44)
	at sun.reflect.NativeMethodAccessorImpl.invoke0(Native Method)
	at sun.reflect.NativeMethodAccessorImpl.invoke(NativeMethodAccessorImpl.java:62)
	at sun.reflect.DelegatingMethodAccessorImpl.invoke(DelegatingMethodAccessorImpl.java:43)
	at java.lang.reflect.Method.invoke(Method.java:498)
	at org.testng.internal.MethodInvocationHelper.invokeMethod(MethodInvocationHelper.java:108)
	at org.testng.internal.Invoker.invokeMethod(Invoker.java:661)
	at org.testng.internal.Invoker.invokeTestMethod(Invoker.java:869)
	at org.testng.internal.Invoker.invokeTestMethods(Invoker.java:1193)
	at org.testng.internal.TestMethodWorker.invokeTestMethods(TestMethodWorker.java:126)
	at org.testng.internal.TestMethodWorker.run(TestMethodWorker.java:109)
	at org.testng.TestRunner.privateRun(TestRunner.java:744)
	at org.testng.TestRunner.run(TestRunner.java:602)
	at org.testng.SuiteRunner.runTest(SuiteRunner.java:380)
	at org.testng.SuiteRunner.runSequentially(SuiteRunner.java:375)
	at org.testng.SuiteRunner.privateRun(SuiteRunner.java:340)
	at org.testng.SuiteRunner.run(SuiteRunner.java:289)
	at org.testng.SuiteRunnerWorker.runSuite(SuiteRunnerWorker.java:52)
	at org.testng.SuiteRunnerWorker.run(SuiteRunnerWorker.java:86)
	at org.testng.TestNG.runSuitesSequentially(TestNG.java:1301)
	at org.testng.TestNG.runSuitesLocally(TestNG.java:1226)
	at org.testng.TestNG.runSuites(TestNG.java:1144)
	at org.testng.TestNG.run(TestNG.java:1115)
	at org.testng.remote.AbstractRemoteTestNG.run(AbstractRemoteTestNG.java:132)
	at org.testng.remote.RemoteTestNG.initAndRun(RemoteTestNG.java:230)
	at org.testng.remote.RemoteTestNG.main(RemoteTestNG.java:76)
]]>
            </full-stacktrace>
          </exception> <!-- java.lang.AssertionError -->
          <reporter-output>
          </reporter-output>
        </test-method> <!-- registerNewUser -->
        <test-method status="PASS" signature="loginToEmailAccountAndConfirmRegistration()[pri:4, instance:pl.pracawregionie.tests.Test1RegisterUser@5ce81285]" name="loginToEmailAccountAndConfirmRegistration" duration-ms="10193" started-at="2017-06-23T19:11:12Z" finished-at="2017-06-23T19:11:22Z">
          <reporter-output>
          </reporter-output>
        </test-method> <!-- loginToEmailAccountAndConfirmRegistration -->
        <test-method status="PASS" signature="afterMethod(org.testng.ITestResult)[pri:0, instance:pl.pracawregionie.tests.Test1RegisterUser@5ce81285]" name="afterMethod" is-config="true" duration-ms="0" started-at="2017-06-23T19:11:12Z" finished-at="2017-06-23T19:11:12Z">
          <params>
            <param index="0">
              <value>
                <![CDATA[[TestResult name=registerNewUser status=FAILURE method=Test1RegisterUser.registerNewUser()[pri:3, instance:pl.pracawregionie.tests.Test1RegisterUser@5ce81285] output={null}]]]>
              </value>
            </param>
          </params>
          <reporter-output>
          </reporter-output>
        </test-method> <!-- afterMethod -->
        <test-method status="PASS" signature="afterTest()[pri:0, instance:pl.pracawregionie.tests.Test1RegisterUser@5ce81285]" name="afterTest" is-config="true" duration-ms="1708" started-at="2017-06-23T19:11:22Z" finished-at="2017-06-23T19:11:24Z">
          <reporter-output>
          </reporter-output>
        </test-method> <!-- afterTest -->
        <test-method status="PASS" signature="afterMethod(org.testng.ITestResult)[pri:0, instance:pl.pracawregionie.tests.Test1RegisterUser@5ce81285]" name="afterMethod" is-config="true" duration-ms="0" started-at="2017-06-23T19:11:22Z" finished-at="2017-06-23T19:11:22Z">
          <params>
            <param index="0">
              <value>
                <![CDATA[[TestResult name=loginToEmailAccountAndConfirmRegistration status=SUCCESS method=Test1RegisterUser.loginToEmailAccountAndConfirmRegistration()[pri:4, instance:pl.pracawregionie.tests.Test1RegisterUser@5ce81285] output={null}]]]>
              </value>
            </param>
          </params>
          <reporter-output>
          </reporter-output>
        </test-method> <!-- afterMethod -->
      </class> <!-- pl.pracawregionie.tests.Test1RegisterUser -->
    </test> <!-- Default test -->
  </suite> <!-- Default suite -->
</testng-results>
